Arguments: 
  C:\Program Files\nodejs\node.exe C:\Users\user\AppData\Roaming\npm\node_modules\@sanity\cli\vendor\yarn install --json --non-interactive --ignore-engines --network-timeout 60000 --registry https://registry.npmjs.org

PATH: 
  C:\Users\user\AppData\Roaming\npm\node_modules\vendor;C:\Users\user\bin;C:\Program Files\Git\mingw64\bin;C:\Program Files\Git\usr\local\bin;C:\Program Files\Git\usr\bin;C:\Program Files\Git\usr\bin;C:\Program Files\Git\mingw64\bin;C:\Program Files\Git\usr\bin;C:\Users\user\bin;C:\Program Files (x86)\NVIDIA Corporation\PhysX\Common;C:\Windows\system32;C:\Windows;C:\Windows\System32\Wbem;C:\Windows\System32\WindowsPowerShell\v1.0;C:\Windows\System32\OpenSSH;C:\Program Files\Git\cmd;C:\mongoDB\bin;C:\Program Files\Microsoft SQL Server\Client SDK\ODBC\110\Tools\Binn;C:\Program Files (x86)\Microsoft SQL Server\120\Tools\Binn;C:\Program Files\Microsoft SQL Server\120\Tools\Binn;C:\Program Files\Microsoft SQL Server\120\DTS\Binn;C:\Program Files (x86)\Windows Kits\8.1\Windows Performance Toolkit;C:\Program Files\nodejs;C:\Windows\system32;C:\Windows;C:\Windows\System32\Wbem;C:\Windows\System32\WindowsPowerShell\v1.0;C:\Windows\System32\OpenSSH;C:\Program Files\Git\cmd;C:\Program Files\nodejs;C:\Users\user\AppData\Local\Microsoft\WindowsApps;C:\Users\user\AppData\Local\Programs\Microsoft VS Code\bin;C:\FullProf_Suite;C:\Program Files\heroku\bin;C:\Users\user\AppData\Roaming\npm;C:\Program Files\Git\usr\bin\vendor_perl;C:\Program Files\Git\usr\bin\core_perl

Yarn version: 
  1.22.17

Node version: 
  16.13.1

Platform: 
  win32 x64

Trace: 
  Error: https://registry.npmjs.org/date-fns/-/date-fns-2.28.0.tgz: ESOCKETTIMEDOUT
      at ClientRequest.<anonymous> (C:\Users\user\AppData\Roaming\npm\node_modules\@sanity\cli\vendor\yarn:135945:19)
      at Object.onceWrapper (node:events:509:28)
      at ClientRequest.emit (node:events:390:28)
      at TLSSocket.emitRequestTimeout (node:_http_client:763:9)
      at Object.onceWrapper (node:events:509:28)
      at TLSSocket.emit (node:events:402:35)
      at TLSSocket.Socket._onTimeout (node:net:501:8)
      at listOnTimeout (node:internal/timers:557:17)
      at processTimers (node:internal/timers:500:7)

npm manifest: 
  {
    "name": "pinstudiojsm",
    "private": true,
    "version": "1.0.0",
    "description": "",
    "main": "package.json",
    "author": "JONATHAN KABADJUNDI KABASELE <201425861@student.uj.ac.za>",
    "license": "UNLICENSED",
    "scripts": {
      "start": "sanity start",
      "build": "sanity build"
    },
    "keywords": [
      "sanity"
    ],
    "dependencies": {
      "@sanity/base": "^2.23.3",
      "@sanity/core": "^2.23.2",
      "@sanity/default-layout": "^2.23.3",
      "@sanity/default-login": "^2.23.2",
      "@sanity/desk-tool": "^2.23.3",
      "@sanity/vision": "^2.23.3",
      "prop-types": "^15.7",
      "react": "^17.0",
      "react-dom": "^17.0",
      "styled-components": "^5.2.0"
    },
    "devDependencies": {}
  }

yarn manifest: 
  No manifest

Lockfile: 
  No lockfile
